  [4;36;1mSQL (0.3ms)[0m   [0;1m SELECT name
 FROM sqlite_master
 WHERE type = 'table' AND NOT name = 'sqlite_sequence'
[0m
  [4;35;1mSQL (0.3ms)[0m   [0mselect sqlite_version(*)[0m
  [4;36;1mSQL (2.1ms)[0m   [0;1mCREATE TABLE "schema_migrations" ("version" varchar(255) NOT NULL) [0m
  [4;35;1mSQL (2.0ms)[0m   [0mCREATE UNIQUE INDEX "unique_schema_migrations" ON "schema_migrations" ("version")[0m
  [4;36;1mSQL (0.3ms)[0m   [0;1m SELECT name
 FROM sqlite_master
 WHERE type = 'table' AND NOT name = 'sqlite_sequence'
[0m
  [4;35;1mSQL (0.1ms)[0m   [0mSELECT version FROM schema_migrations[0m
Migrating to CreateUsers (20100729075343)
  [4;36;1mSQL (0.5ms)[0m   [0;1mCREATE TABLE "users" ("id" INTEGER PRIMARY KEY AUTOINCREMENT NOT NULL, "first_name" varchar(255), "last_name" varchar(255), "age" integer, "comment" text, "created_at" datetime, "updated_at" datetime) [0m
  [4;35;1mSQL (0.2ms)[0m   [0mINSERT INTO schema_migrations (version) VALUES ('20100729075343')[0m
  [4;36;1mSQL (0.4ms)[0m   [0;1m SELECT name
 FROM sqlite_master
 WHERE type = 'table' AND NOT name = 'sqlite_sequence'
[0m
  [4;35;1mSQL (0.3ms)[0m   [0mSELECT version FROM schema_migrations[0m
  [4;36;1mSQL (0.4ms)[0m   [0;1m SELECT name
 FROM sqlite_master
 WHERE type = 'table' AND NOT name = 'sqlite_sequence'
[0m
  [4;35;1mSQL (0.1ms)[0m   [0mPRAGMA index_list("users")[0m


Processing UsersController#index (for 127.0.0.1 at 2010-07-29 17:04:10) [GET]
  [4;36;1mUser Load (0.5ms)[0m   [0;1mSELECT * FROM "users" [0m
Rendering template within layouts/users
Rendering users/index
Completed in 55ms (View: 44, DB: 0) | 200 OK [http://localhost/users]


Processing UsersController#new (for 127.0.0.1 at 2010-07-29 17:04:35) [GET]
Rendering template within layouts/users
Rendering users/new
Completed in 73ms (View: 61, DB: 0) | 200 OK [http://localhost/users/new]


Processing UsersController#create (for 127.0.0.1 at 2010-07-29 17:04:39) [POST]
  Parameters: {"commit"=>"Create", "authenticity_token"=>"QkLER0vnoteydSygqj32qjCBr2P9FwhoJvJuL72V01o=", "user"=>{"comment"=>"", "last_name"=>"", "age"=>"", "first_name"=>""}}
Rendering template within layouts/users
Rendering users/new
Completed in 34ms (View: 19, DB: 0) | 200 OK [http://localhost/users]


Processing UsersController#create (for 127.0.0.1 at 2010-07-29 17:04:57) [POST]
  Parameters: {"commit"=>"Create", "authenticity_token"=>"QkLER0vnoteydSygqj32qjCBr2P9FwhoJvJuL72V01o=", "user"=>{"comment"=>"", "last_name"=>"å¤ªéƒŽ", "age"=>"", "first_name"=>"å±±ç”°"}}
  [4;35;1mUser Create (0.5ms)[0m   [0mINSERT INTO "users" ("comment", "created_at", "updated_at", "last_name", "age", "first_name") VALUES('', '2010-07-29 08:04:57', '2010-07-29 08:04:57', 'å¤ªéƒŽ', NULL, 'å±±ç”°')[0m
Redirected to http://localhost:3000/users/1
Completed in 19ms (DB: 0) | 302 Found [http://localhost/users]


Processing UsersController#show (for 127.0.0.1 at 2010-07-29 17:04:57) [GET]
  Parameters: {"id"=>"1"}
  [4;36;1mUser Load (0.5ms)[0m   [0;1mSELECT * FROM "users" WHERE ("users"."id" = 1) [0m
Rendering template within layouts/users
Rendering users/show
Completed in 22ms (View: 10, DB: 1) | 200 OK [http://localhost/users/1]


Processing UsersController#edit (for 127.0.0.1 at 2010-07-29 17:05:00) [GET]
  Parameters: {"id"=>"1"}
  [4;35;1mUser Load (0.5ms)[0m   [0mSELECT * FROM "users" WHERE ("users"."id" = 1) [0m
Rendering template within layouts/users
Rendering users/edit
Completed in 28ms (View: 16, DB: 0) | 200 OK [http://localhost/users/1/edit]


Processing UsersController#update (for 127.0.0.1 at 2010-07-29 17:05:04) [PUT]
  Parameters: {"commit"=>"Update", "authenticity_token"=>"QkLER0vnoteydSygqj32qjCBr2P9FwhoJvJuL72V01o=", "id"=>"1", "user"=>{"comment"=>"", "last_name"=>"å¤ªéƒŽ", "age"=>"ã‚", "first_name"=>"å±±ç”°"}}
  [4;36;1mUser Load (0.5ms)[0m   [0;1mSELECT * FROM "users" WHERE ("users"."id" = 1) [0m
Rendering template within layouts/users
Rendering users/edit
Completed in 32ms (View: 16, DB: 0) | 200 OK [http://localhost/users/1]


Processing UsersController#update (for 127.0.0.1 at 2010-07-29 17:05:11) [PUT]
  Parameters: {"commit"=>"Update", "authenticity_token"=>"QkLER0vnoteydSygqj32qjCBr2P9FwhoJvJuL72V01o=", "id"=>"1", "user"=>{"comment"=>"", "last_name"=>"å¤ªéƒŽ", "age"=>"1.1", "first_name"=>"å±±ç”°"}}
  [4;35;1mUser Load (0.5ms)[0m   [0mSELECT * FROM "users" WHERE ("users"."id" = 1) [0m
Rendering template within layouts/users
Rendering users/edit
Completed in 33ms (View: 16, DB: 0) | 200 OK [http://localhost/users/1]


Processing UsersController#update (for 127.0.0.1 at 2010-07-29 17:05:21) [PUT]
  Parameters: {"commit"=>"Update", "authenticity_token"=>"QkLER0vnoteydSygqj32qjCBr2P9FwhoJvJuL72V01o=", "id"=>"1", "user"=>{"comment"=>"", "last_name"=>"å¤ªéƒŽ", "age"=>"15", "first_name"=>"å±±ç”°"}}
  [4;36;1mUser Load (0.5ms)[0m   [0;1mSELECT * FROM "users" WHERE ("users"."id" = 1) [0m
  [4;35;1mUser Update (0.3ms)[0m   [0mUPDATE "users" SET "updated_at" = '2010-07-29 08:05:21', "age" = 15 WHERE "id" = 1[0m
Redirected to http://localhost:3000/users/1
Completed in 20ms (DB: 1) | 302 Found [http://localhost/users/1]


Processing UsersController#show (for 127.0.0.1 at 2010-07-29 17:05:21) [GET]
  Parameters: {"id"=>"1"}
  [4;36;1mUser Load (0.5ms)[0m   [0;1mSELECT * FROM "users" WHERE ("users"."id" = 1) [0m
Rendering template within layouts/users
Rendering users/show
Completed in 17ms (View: 4, DB: 1) | 200 OK [http://localhost/users/1]


Processing UsersController#index (for 127.0.0.1 at 2010-07-29 17:05:23) [GET]
  [4;35;1mUser Load (0.7ms)[0m   [0mSELECT * FROM "users" [0m
Rendering template within layouts/users
Rendering users/index
Completed in 21ms (View: 11, DB: 1) | 200 OK [http://localhost/users]


Processing UsersController#index (for 127.0.0.1 at 2010-07-29 17:07:41) [GET]
  [4;36;1mUser Load (0.9ms)[0m   [0;1mSELECT * FROM "users" [0m
Rendering template within layouts/users
Rendering users/index
Completed in 54ms (View: 44, DB: 1) | 200 OK [http://localhost/users]


Processing UsersController#new (for 127.0.0.1 at 2010-07-29 17:07:43) [GET]
Rendering template within layouts/users
Rendering users/new
Completed in 72ms (View: 60, DB: 0) | 200 OK [http://localhost/users/new]


Processing UsersController#create (for 127.0.0.1 at 2010-07-29 17:07:51) [POST]
  Parameters: {"commit"=>"Create", "authenticity_token"=>"QkLER0vnoteydSygqj32qjCBr2P9FwhoJvJuL72V01o=", "user"=>{"comment"=>"", "last_name"=>"hoge", "age"=>"-1", "first_name"=>"hoge"}}
Rendering template within layouts/users
Rendering users/new
Completed in 30ms (View: 15, DB: 0) | 200 OK [http://localhost/users]


Processing UsersController#create (for 127.0.0.1 at 2010-07-29 17:07:59) [POST]
  Parameters: {"commit"=>"Create", "authenticity_token"=>"QkLER0vnoteydSygqj32qjCBr2P9FwhoJvJuL72V01o=", "user"=>{"comment"=>"", "last_name"=>"hoge", "age"=>"0.5", "first_name"=>"hoge"}}
Rendering template within layouts/users
Rendering users/new
Completed in 30ms (View: 15, DB: 0) | 200 OK [http://localhost/users]


Processing UsersController#create (for 127.0.0.1 at 2010-07-29 17:08:04) [POST]
  Parameters: {"commit"=>"Create", "authenticity_token"=>"QkLER0vnoteydSygqj32qjCBr2P9FwhoJvJuL72V01o=", "user"=>{"comment"=>"", "last_name"=>"hoge", "age"=>"", "first_name"=>"hoge"}}
  [4;35;1mUser Create (0.4ms)[0m   [0mINSERT INTO "users" ("comment", "created_at", "updated_at", "last_name", "age", "first_name") VALUES('', '2010-07-29 08:08:04', '2010-07-29 08:08:04', 'hoge', NULL, 'hoge')[0m
Redirected to http://localhost:3000/users/2
Completed in 19ms (DB: 0) | 302 Found [http://localhost/users]


Processing UsersController#show (for 127.0.0.1 at 2010-07-29 17:08:04) [GET]
  Parameters: {"id"=>"2"}
  [4;36;1mUser Load (0.5ms)[0m   [0;1mSELECT * FROM "users" WHERE ("users"."id" = 2) [0m
Rendering template within layouts/users
Rendering users/show
Completed in 22ms (View: 10, DB: 1) | 200 OK [http://localhost/users/2]


Processing UsersController#index (for 127.0.0.1 at 2010-07-29 17:08:06) [GET]
  [4;35;1mUser Load (1.0ms)[0m   [0mSELECT * FROM "users" [0m
Rendering template within layouts/users
Rendering users/index
Completed in 27ms (View: 17, DB: 1) | 200 OK [http://localhost/users]
